<?xml version="1.0" encoding="UTF-8"?>
<!-- Generated by org.testng.reporters.JUnitReportReporter -->
<testsuite hostname="INT-DSK-0004" failures="0" tests="12" name="com.yeasin.appium_qms.QmsOnlineNormal" time="149.101" errors="0" timestamp="2024-05-23T16:04:41 BDT" skipped="0">
  <testcase classname="com.yeasin.appium_qms.QmsOnlineNormal" name="expand_side_menu_test" time="6.191"/>
  <system-out/>
  <testcase classname="com.yeasin.appium_qms.QmsOnlineNormal" name="sync_web_test" time="1.680"/>
  <system-out/>
  <testcase classname="com.yeasin.appium_qms.QmsOnlineNormal" name="set_lid_test" time="10.275"/>
  <system-out/>
  <testcase classname="com.yeasin.appium_qms.QmsOnlineNormal" name="set_bso_test" time="5.137"/>
  <system-out/>
  <testcase classname="com.yeasin.appium_qms.QmsOnlineNormal" name="choose_variance_test" time="5.096"/>
  <system-out/>
  <testcase classname="com.yeasin.appium_qms.QmsOnlineNormal" name="pass_undo_test" time="8.082"/>
  <system-out/>
  <testcase classname="com.yeasin.appium_qms.QmsOnlineNormal" name="pass_action_test" time="7.747"/>
  <system-out/>
  <testcase classname="com.yeasin.appium_qms.QmsOnlineNormal" name="alter_action_test" time="24.472"/>
  <system-out/>
  <testcase classname="com.yeasin.appium_qms.QmsOnlineNormal" name="alter_undo_test" time="24.291"/>
  <system-out/>
  <testcase classname="com.yeasin.appium_qms.QmsOnlineNormal" name="reject_undo_test" time="25.157"/>
  <system-out/>
  <testcase classname="com.yeasin.appium_qms.QmsOnlineNormal" name="reject_action_test" time="25.343"/>
  <system-out/>
  <testcase classname="com.yeasin.appium_qms.QmsOnlineNormal" name="force_sync_test" time="5.630"/>
  <system-out/>
</testsuite> <!-- com.yeasin.appium_qms.QmsOnlineNormal -->
