<?xml version="1.0" encoding="UTF-8"?>
<!-- Generated by org.testng.reporters.JUnitReportReporter -->
<testsuite hostname="INT-DSK-0004" failures="0" tests="13" name="com.yeasin.appium_qms.QmsOfflineNormal" time="176.544" errors="0" timestamp="2024-05-06T15:05:32 BDT" skipped="0">
  <testcase classname="com.yeasin.appium_qms.QmsOfflineNormal" name="setup_call" time="4.830"/>
  <system-out/>
  <testcase classname="com.yeasin.appium_qms.QmsOfflineNormal" name="login_call" time="3.771"/>
  <system-out/>
  <testcase classname="com.yeasin.appium_qms.QmsOfflineNormal" name="side_menu_call" time="6.062"/>
  <system-out/>
  <testcase classname="com.yeasin.appium_qms.QmsOfflineNormal" name="sync_web_call" time="1.893"/>
  <system-out/>
  <testcase classname="com.yeasin.appium_qms.QmsOfflineNormal" name="set_line_call" time="11.582"/>
  <system-out/>
  <testcase classname="com.yeasin.appium_qms.QmsOfflineNormal" name="select_order_call" time="5.161"/>
  <system-out/>
  <testcase classname="com.yeasin.appium_qms.QmsOfflineNormal" name="choose_variance_call" time="5.580"/>
  <system-out/>
  <testcase classname="com.yeasin.appium_qms.QmsOfflineNormal" name="pass_call" time="8.203"/>
  <system-out/>
  <testcase classname="com.yeasin.appium_qms.QmsOfflineNormal" name="alter_call" time="49.922"/>
  <system-out/>
  <testcase classname="com.yeasin.appium_qms.QmsOfflineNormal" name="reject_call" time="50.882"/>
  <system-out/>
  <testcase classname="com.yeasin.appium_qms.QmsOfflineNormal" name="force_sync_call" time="10.951"/>
  <system-out/>
  <testcase classname="com.yeasin.appium_qms.QmsOfflineNormal" name="logout_call" time="11.920"/>
  <system-out/>
  <testcase classname="com.yeasin.appium_qms.QmsOfflineNormal" name="close_app_call" time="5.787"/>
  <system-out/>
</testsuite> <!-- com.yeasin.appium_qms.QmsOfflineNormal -->
