<?xml version="1.0" encoding="UTF-8"?>
<!-- Generated by org.testng.reporters.JUnitReportReporter -->
<testsuite hostname="INT-DSK-0004" failures="0" tests="1" name="com.yeasin.appium_qms.QmsTest" time="0.004" errors="0" timestamp="2024-02-22T10:44:33 BDT" skipped="0">
  <testcase classname="com.yeasin.appium_qms.QmsTest" name="basic_test" time="0.004"/>
  <system-out/>
</testsuite> <!-- com.yeasin.appium_qms.QmsTest -->
