<?xml version="1.0" encoding="UTF-8"?>
<!-- Generated by org.testng.reporters.JUnitReportReporter -->
<testsuite hostname="INT-DSK-0004" failures="0" tests="15" name="com.yeasin.appium_qms.QmsOnlineRepair" time="117.476" errors="0" timestamp="2024-05-07T17:58:28 BDT" skipped="0">
  <testcase classname="com.yeasin.appium_qms.QmsOnlineRepair" name="setup_call" time="5.004"/>
  <system-out/>
  <testcase classname="com.yeasin.appium_qms.QmsOnlineRepair" name="login_call" time="4.709"/>
  <system-out/>
  <testcase classname="com.yeasin.appium_qms.QmsOnlineRepair" name="side_menu_call" time="6.758"/>
  <system-out/>
  <testcase classname="com.yeasin.appium_qms.QmsOnlineRepair" name="sync_web_call" time="1.648"/>
  <system-out/>
  <testcase classname="com.yeasin.appium_qms.QmsOnlineRepair" name="set_line_call" time="13.220"/>
  <system-out/>
  <testcase classname="com.yeasin.appium_qms.QmsOnlineRepair" name="select_order_call" time="5.169"/>
  <system-out/>
  <testcase classname="com.yeasin.appium_qms.QmsOnlineRepair" name="choose_variance_call" time="5.158"/>
  <system-out/>
  <testcase classname="com.yeasin.appium_qms.QmsOnlineRepair" name="repair_mode_on_call" time="2.216"/>
  <system-out/>
  <testcase classname="com.yeasin.appium_qms.QmsOnlineRepair" name="pass_call" time="7.779"/>
  <system-out/>
  <testcase classname="com.yeasin.appium_qms.QmsOnlineRepair" name="alter_call" time="20.533"/>
  <system-out/>
  <testcase classname="com.yeasin.appium_qms.QmsOnlineRepair" name="reject_call" time="19.627"/>
  <system-out/>
  <testcase classname="com.yeasin.appium_qms.QmsOnlineRepair" name="repair_mode_off_call" time="2.167"/>
  <system-out/>
  <testcase classname="com.yeasin.appium_qms.QmsOnlineRepair" name="force_sync_call" time="5.693"/>
  <system-out/>
  <testcase classname="com.yeasin.appium_qms.QmsOnlineRepair" name="logout_call" time="12.083"/>
  <system-out/>
  <testcase classname="com.yeasin.appium_qms.QmsOnlineRepair" name="close_app_call" time="5.712"/>
  <system-out/>
</testsuite> <!-- com.yeasin.appium_qms.QmsOnlineRepair -->
