<?xml version="1.0" encoding="UTF-8"?>
<!-- Generated by org.testng.reporters.JUnitReportReporter -->
<testsuite hostname="INT-DSK-0004" failures="0" tests="13" name="com.yeasin.appium_qms.QmsOnlineNormal" time="117.400" errors="0" timestamp="2024-05-06T12:30:53 BDT" skipped="0">
  <testcase classname="com.yeasin.appium_qms.QmsOnlineNormal" name="setup_call" time="6.988"/>
  <system-out/>
  <testcase classname="com.yeasin.appium_qms.QmsOnlineNormal" name="login_call" time="3.706"/>
  <system-out/>
  <testcase classname="com.yeasin.appium_qms.QmsOnlineNormal" name="side_menu_call" time="5.694"/>
  <system-out/>
  <testcase classname="com.yeasin.appium_qms.QmsOnlineNormal" name="sync_web_call" time="1.683"/>
  <system-out/>
  <testcase classname="com.yeasin.appium_qms.QmsOnlineNormal" name="set_line_call" time="12.659"/>
  <system-out/>
  <testcase classname="com.yeasin.appium_qms.QmsOnlineNormal" name="select_order_call" time="5.142"/>
  <system-out/>
  <testcase classname="com.yeasin.appium_qms.QmsOnlineNormal" name="choose_variance_call" time="9.900"/>
  <system-out/>
  <testcase classname="com.yeasin.appium_qms.QmsOnlineNormal" name="pass_call" time="7.766"/>
  <system-out/>
  <testcase classname="com.yeasin.appium_qms.QmsOnlineNormal" name="alter_call" time="19.974"/>
  <system-out/>
  <testcase classname="com.yeasin.appium_qms.QmsOnlineNormal" name="reject_call" time="20.437"/>
  <system-out/>
  <testcase classname="com.yeasin.appium_qms.QmsOnlineNormal" name="force_sync_call" time="5.652"/>
  <system-out/>
  <testcase classname="com.yeasin.appium_qms.QmsOnlineNormal" name="logout_call" time="11.953"/>
  <system-out/>
  <testcase classname="com.yeasin.appium_qms.QmsOnlineNormal" name="close_app_call" time="5.846"/>
  <system-out/>
</testsuite> <!-- com.yeasin.appium_qms.QmsOnlineNormal -->
