<?xml version="1.0" encoding="UTF-8"?>
<!-- Generated by org.testng.reporters.JUnitReportReporter -->
<testsuite hostname="INT-DSK-0004" failures="0" tests="16" name="com.yeasin.appium_qms.QmsOnlineNormal" time="164.205" errors="0" timestamp="2024-05-20T12:29:12 BDT" skipped="0">
  <testcase classname="com.yeasin.appium_qms.QmsOnlineNormal" name="set_up_test" time="6.626"/>
  <system-out/>
  <testcase classname="com.yeasin.appium_qms.QmsOnlineNormal" name="log_in_test" time="5.196"/>
  <system-out/>
  <testcase classname="com.yeasin.appium_qms.QmsOnlineNormal" name="expand_side_menu_test" time="6.523"/>
  <system-out/>
  <testcase classname="com.yeasin.appium_qms.QmsOnlineNormal" name="sync_web_test" time="1.610"/>
  <system-out/>
  <testcase classname="com.yeasin.appium_qms.QmsOnlineNormal" name="set_line_test" time="14.554"/>
  <system-out/>
  <testcase classname="com.yeasin.appium_qms.QmsOnlineNormal" name="select_order_test" time="5.153"/>
  <system-out/>
  <testcase classname="com.yeasin.appium_qms.QmsOnlineNormal" name="choose_variance_test" time="5.104"/>
  <system-out/>
  <testcase classname="com.yeasin.appium_qms.QmsOnlineNormal" name="pass_undo_test" time="7.637"/>
  <system-out/>
  <testcase classname="com.yeasin.appium_qms.QmsOnlineNormal" name="pass_action_test" time="7.757"/>
  <system-out/>
  <testcase classname="com.yeasin.appium_qms.QmsOnlineNormal" name="alter_action_test" time="20.405"/>
  <system-out/>
  <testcase classname="com.yeasin.appium_qms.QmsOnlineNormal" name="alter_undo_test" time="20.324"/>
  <system-out/>
  <testcase classname="com.yeasin.appium_qms.QmsOnlineNormal" name="reject_action_test" time="19.744"/>
  <system-out/>
  <testcase classname="com.yeasin.appium_qms.QmsOnlineNormal" name="reject_undo_test" time="20.285"/>
  <system-out/>
  <testcase classname="com.yeasin.appium_qms.QmsOnlineNormal" name="force_sync_test" time="5.646"/>
  <system-out/>
  <testcase classname="com.yeasin.appium_qms.QmsOnlineNormal" name="log_out_test" time="11.823"/>
  <system-out/>
  <testcase classname="com.yeasin.appium_qms.QmsOnlineNormal" name="close_down_test" time="5.818"/>
  <system-out/>
</testsuite> <!-- com.yeasin.appium_qms.QmsOnlineNormal -->
