<?xml version="1.0" encoding="UTF-8"?>
<!-- Generated by org.testng.reporters.JUnitReportReporter -->
<testsuite hostname="INT-DSK-0004" failures="0" tests="13" name="com.yeasin.appium_qms.QmsOnlineNormal" time="111.336" errors="0" timestamp="2024-05-14T17:09:32 BDT" skipped="0">
  <testcase classname="com.yeasin.appium_qms.QmsOnlineNormal" name="set_up_test" time="4.321"/>
  <system-out/>
  <testcase classname="com.yeasin.appium_qms.QmsOnlineNormal" name="log_in_test" time="4.939"/>
  <system-out/>
  <testcase classname="com.yeasin.appium_qms.QmsOnlineNormal" name="expand_side_menu_test" time="5.849"/>
  <system-out/>
  <testcase classname="com.yeasin.appium_qms.QmsOnlineNormal" name="sync_web_test" time="1.840"/>
  <system-out/>
  <testcase classname="com.yeasin.appium_qms.QmsOnlineNormal" name="set_line_test" time="12.857"/>
  <system-out/>
  <testcase classname="com.yeasin.appium_qms.QmsOnlineNormal" name="select_order_test" time="7.085"/>
  <system-out/>
  <testcase classname="com.yeasin.appium_qms.QmsOnlineNormal" name="choose_variance_test" time="5.115"/>
  <system-out/>
  <testcase classname="com.yeasin.appium_qms.QmsOnlineNormal" name="pass_action_test" time="7.761"/>
  <system-out/>
  <testcase classname="com.yeasin.appium_qms.QmsOnlineNormal" name="alter_action_test" time="18.437"/>
  <system-out/>
  <testcase classname="com.yeasin.appium_qms.QmsOnlineNormal" name="reject_action_test" time="19.851"/>
  <system-out/>
  <testcase classname="com.yeasin.appium_qms.QmsOnlineNormal" name="force_sync_test" time="5.649"/>
  <system-out/>
  <testcase classname="com.yeasin.appium_qms.QmsOnlineNormal" name="log_out_test" time="11.899"/>
  <system-out/>
  <testcase classname="com.yeasin.appium_qms.QmsOnlineNormal" name="close_down_test" time="5.733"/>
  <system-out/>
</testsuite> <!-- com.yeasin.appium_qms.QmsOnlineNormal -->
