<?xml version="1.0" encoding="UTF-8"?>
<!-- Generated by org.testng.reporters.JUnitReportReporter -->
<testsuite hostname="INT-DSK-0004" failures="0" tests="14" name="com.yeasin.appium_qms.QmsOnlineRepair" time="150.980" errors="0" timestamp="2024-05-23T16:04:41 BDT" skipped="0">
  <testcase classname="com.yeasin.appium_qms.QmsOnlineRepair" name="expand_side_menu_test" time="5.312"/>
  <system-out/>
  <testcase classname="com.yeasin.appium_qms.QmsOnlineRepair" name="sync_web_test" time="0.085"/>
  <system-out/>
  <testcase classname="com.yeasin.appium_qms.QmsOnlineRepair" name="set_lid_test" time="10.317"/>
  <system-out/>
  <testcase classname="com.yeasin.appium_qms.QmsOnlineRepair" name="set_bso_test" time="5.115"/>
  <system-out/>
  <testcase classname="com.yeasin.appium_qms.QmsOnlineRepair" name="choose_variance_test" time="5.034"/>
  <system-out/>
  <testcase classname="com.yeasin.appium_qms.QmsOnlineRepair" name="repair_mode_on_test" time="2.124"/>
  <system-out/>
  <testcase classname="com.yeasin.appium_qms.QmsOnlineRepair" name="pass_undo_test" time="7.442"/>
  <system-out/>
  <testcase classname="com.yeasin.appium_qms.QmsOnlineRepair" name="pass_action_test" time="7.706"/>
  <system-out/>
  <testcase classname="com.yeasin.appium_qms.QmsOnlineRepair" name="alter_action_test" time="24.295"/>
  <system-out/>
  <testcase classname="com.yeasin.appium_qms.QmsOnlineRepair" name="alter_undo_test" time="24.914"/>
  <system-out/>
  <testcase classname="com.yeasin.appium_qms.QmsOnlineRepair" name="reject_action_test" time="25.322"/>
  <system-out/>
  <testcase classname="com.yeasin.appium_qms.QmsOnlineRepair" name="reject_undo_test" time="25.540"/>
  <system-out/>
  <testcase classname="com.yeasin.appium_qms.QmsOnlineRepair" name="repair_mode_off_test" time="2.116"/>
  <system-out/>
  <testcase classname="com.yeasin.appium_qms.QmsOnlineRepair" name="force_sync_test" time="5.658"/>
  <system-out/>
</testsuite> <!-- com.yeasin.appium_qms.QmsOnlineRepair -->
