<?xml version="1.0" encoding="UTF-8"?>
<!-- Generated by org.testng.reporters.JUnitReportReporter -->
<testsuite hostname="INT-DSK-0004" failures="0" tests="15" name="com.yeasin.appium_qms.QmsOnlineRepair" time="116.318" errors="0" timestamp="2024-05-14T17:09:32 BDT" skipped="0">
  <testcase classname="com.yeasin.appium_qms.QmsOnlineRepair" name="set_up_test" time="4.981"/>
  <system-out/>
  <testcase classname="com.yeasin.appium_qms.QmsOnlineRepair" name="log_in_test" time="4.290"/>
  <system-out/>
  <testcase classname="com.yeasin.appium_qms.QmsOnlineRepair" name="expand_side_menu_test" time="5.943"/>
  <system-out/>
  <testcase classname="com.yeasin.appium_qms.QmsOnlineRepair" name="sync_web_test" time="1.617"/>
  <system-out/>
  <testcase classname="com.yeasin.appium_qms.QmsOnlineRepair" name="set_line_test" time="11.980"/>
  <system-out/>
  <testcase classname="com.yeasin.appium_qms.QmsOnlineRepair" name="select_order_test" time="7.120"/>
  <system-out/>
  <testcase classname="com.yeasin.appium_qms.QmsOnlineRepair" name="choose_variance_test" time="5.129"/>
  <system-out/>
  <testcase classname="com.yeasin.appium_qms.QmsOnlineRepair" name="repair_mode_on_test" time="2.173"/>
  <system-out/>
  <testcase classname="com.yeasin.appium_qms.QmsOnlineRepair" name="pass_action_test" time="7.735"/>
  <system-out/>
  <testcase classname="com.yeasin.appium_qms.QmsOnlineRepair" name="alter_action_test" time="19.514"/>
  <system-out/>
  <testcase classname="com.yeasin.appium_qms.QmsOnlineRepair" name="reject_action_test" time="20.336"/>
  <system-out/>
  <testcase classname="com.yeasin.appium_qms.QmsOnlineRepair" name="repair_mode_off_test" time="2.138"/>
  <system-out/>
  <testcase classname="com.yeasin.appium_qms.QmsOnlineRepair" name="force_sync_test" time="5.655"/>
  <system-out/>
  <testcase classname="com.yeasin.appium_qms.QmsOnlineRepair" name="log_out_test" time="11.902"/>
  <system-out/>
  <testcase classname="com.yeasin.appium_qms.QmsOnlineRepair" name="close_down_test" time="5.805"/>
  <system-out/>
</testsuite> <!-- com.yeasin.appium_qms.QmsOnlineRepair -->
